TN:
SF:src/reservation/index.ts
FN:39,minutes
FN:43,execute
FNF:2
FNH:2
FNDA:4,minutes
FNDA:1,execute
DA:1,1
DA:2,1
DA:3,1
DA:4,1
DA:5,1
DA:6,1
DA:7,1
DA:8,1
DA:9,1
DA:10,1
DA:11,1
DA:12,1
DA:13,1
DA:14,1
DA:15,1
DA:16,1
DA:17,1
DA:18,1
DA:19,1
DA:20,1
DA:21,1
DA:22,1
DA:23,1
DA:24,1
DA:25,1
DA:26,1
DA:27,1
DA:28,60
DA:29,60
DA:30,1
DA:31,1
DA:32,1
DA:33,1
DA:34,1
DA:35,1
DA:36,1
DA:37,1
DA:38,1
DA:39,1
DA:40,4
DA:41,4
DA:42,1
DA:43,1
DA:44,1
DA:45,1
DA:46,2
DA:47,2
DA:48,2
DA:49,2
DA:50,2
DA:51,2
DA:52,2
DA:53,2
DA:54,2
DA:55,2
DA:56,2
DA:57,2
DA:58,2
DA:59,2
DA:60,1
DA:61,2
DA:62,2
DA:63,2
DA:64,2
DA:65,2
DA:66,1
DA:67,1
DA:68,2
DA:69,2
DA:70,48
DA:71,3
DA:72,48
DA:73,45
DA:74,45
DA:75,48
DA:76,2
DA:77,2
DA:78,2
DA:79,4
DA:80,2
DA:81,2
DA:82,2
DA:83,2
DA:84,4
DA:85,2
DA:86,2
DA:87,2
DA:88,1
DA:89,1
DA:90,1
DA:91,1
DA:92,1
DA:93,1
DA:94,1
DA:95,1
DA:96,1
DA:97,1
DA:98,1
DA:99,1
DA:100,1
DA:101,1
DA:102,1
DA:103,1
DA:104,1
DA:105,1
DA:106,1
DA:107,1
DA:108,1
DA:109,12
DA:110,12
DA:111,12
DA:112,12
DA:113,12
DA:114,1
DA:115,1
DA:116,1
DA:117,1
DA:118,12
DA:119,12
DA:120,2
DA:121,0
DA:122,2
DA:123,2
DA:124,2
DA:125,12
DA:126,10
DA:127,10
DA:128,12
DA:129,1
DA:130,1
DA:131,1
DA:132,12
DA:133,12
DA:134,12
DA:135,12
DA:136,1
DA:137,12
DA:138,11
DA:139,11
DA:140,12
DA:141,12
DA:142,12
DA:143,12
DA:144,12
DA:145,12
DA:146,12
DA:147,12
DA:148,12
DA:149,12
DA:150,12
DA:151,12
DA:152,12
DA:153,12
DA:154,12
DA:155,12
DA:156,12
DA:157,12
DA:158,12
DA:159,12
DA:160,12
DA:161,12
DA:162,12
DA:163,12
DA:164,12
DA:165,12
DA:166,12
DA:167,12
DA:168,12
DA:169,12
DA:170,12
DA:171,12
DA:172,12
DA:173,12
DA:174,12
DA:175,12
DA:176,12
DA:177,12
DA:178,12
DA:179,12
DA:180,12
DA:181,12
DA:182,12
DA:183,12
DA:184,12
DA:185,12
DA:186,12
DA:187,12
DA:188,1
LF:188
LH:187
BRDA:25,0,0,24
BRDA:26,1,0,60
BRDA:27,2,0,60
BRDA:39,3,0,4
BRDA:43,4,0,1
BRDA:131,5,0,12
BRDA:135,6,0,6
BRDA:135,7,0,1
BRDA:137,8,0,11
BRDA:44,9,0,23
BRDA:45,10,0,2
BRDA:60,11,0,2
BRDA:67,12,0,2
BRDA:69,13,0,48
BRDA:70,14,0,30
BRDA:70,15,0,3
BRDA:72,16,0,45
BRDA:78,17,0,4
BRDA:79,18,0,2
BRDA:108,19,0,12
BRDA:117,20,0,12
BRDA:119,21,0,2
BRDA:120,22,0,0
BRDA:120,23,0,0
BRDA:125,24,0,10
BRDA:118,25,0,23
BRDA:133,26,0,18
BRDA:134,27,0,22
BRF:28
BRH:26
end_of_record
